<?xml version="1.0" encoding="UTF-8"?><testsuite errors="0" failures="2" name="HU01 - autenticacion" skipped="0" tests="6" time="112.3" timestamp="2021-12-03 01:43:52"><testcase name="uno - Existencia de elemento de login en la loginPage"/><testcase name="dos - Login exitoso coach"/><testcase name="tres - login exitoso aprendiz"/><testcase name="cuatro - Acceso a rutas sin tener sesion activa"/><testcase name="cinco - Login orientado al fallo"><failure message="&#10;Expected: an element that is visible&#10;     but: no matching element found by xpath: //*[@id=&quot;swal2-html-container&quot;]" type="java.lang.AssertionError">
Expected: an element that is visible
     but: no matching element found by xpath: //*[@id="swal2-html-container"]</failure><system-err>
Expected: an element that is visible
     but: no matching element found by xpath: //*[@id="swal2-html-container"]&#13;
co.com.sofka.stepdefinition.hu01.HU01StepDefinition.seTendraQueMostrarUnMensajeDeError(HU01StepDefinition.java:119)&#13;
io.cucumber.java.Invoker.invoke(Invoker.java:27)&#13;
io.cucumber.java.JavaStepDefinition.execute(JavaStepDefinition.java:27)&#13;
io.cucumber.core.runner.PickleStepDefinitionMatch.runStep(PickleStepDefinitionMatch.java:63)&#13;
io.cucumber.core.runner.TestStep.executeStep(TestStep.java:64)&#13;
io.cucumber.core.runner.TestStep.run(TestStep.java:49)&#13;
io.cucumber.core.runner.PickleStepTestStep.run(PickleStepTestStep.java:46)&#13;
io.cucumber.core.runner.TestCase.run(TestCase.java:51)&#13;
io.cucumber.core.runner.Runner.runPickle(Runner.java:67)&#13;
io.cucumber.junit.FeatureRunner.runChild(FeatureRunner.java:83)&#13;
io.cucumber.junit.FeatureRunner.runChild(FeatureRunner.java:24)&#13;
io.cucumber.junit.CucumberSerenityRunner.runChild(CucumberSerenityRunner.java:227)&#13;
io.cucumber.junit.CucumberSerenityRunner.runChild(CucumberSerenityRunner.java:54)&#13;
</system-err></testcase><testcase name="seis - Cierre de sesion"><failure message="Expected enabled element was not enabled" type="net.thucydides.core.webdriver.exceptions.ElementShouldBeEnabledException">Expected enabled element was not enabled</failure><system-err>Expected enabled element was not enabled&#13;
co.com.sofka.tasks.hu01.loginWithGoogle.DoLogout.performAs(DoLogout.java:20)&#13;
co.com.sofka.stepdefinition.hu01.HU01StepDefinition.realizaLogout(HU01StepDefinition.java:139)&#13;
io.cucumber.java.Invoker.invoke(Invoker.java:27)&#13;
io.cucumber.java.JavaStepDefinition.execute(JavaStepDefinition.java:27)&#13;
io.cucumber.core.runner.PickleStepDefinitionMatch.runStep(PickleStepDefinitionMatch.java:63)&#13;
io.cucumber.core.runner.TestStep.executeStep(TestStep.java:64)&#13;
io.cucumber.core.runner.TestStep.run(TestStep.java:49)&#13;
io.cucumber.core.runner.PickleStepTestStep.run(PickleStepTestStep.java:46)&#13;
io.cucumber.core.runner.TestCase.run(TestCase.java:51)&#13;
io.cucumber.core.runner.Runner.runPickle(Runner.java:67)&#13;
io.cucumber.junit.FeatureRunner.runChild(FeatureRunner.java:83)&#13;
io.cucumber.junit.FeatureRunner.runChild(FeatureRunner.java:24)&#13;
io.cucumber.junit.CucumberSerenityRunner.runChild(CucumberSerenityRunner.java:227)&#13;
io.cucumber.junit.CucumberSerenityRunner.runChild(CucumberSerenityRunner.java:54)&#13;
</system-err></testcase></testsuite>